<?xml version="1.0" encoding="UTF-8"?>
<testsuite name="EncryptionTest" tests="4" skipped="0" failures="0" errors="0" timestamp="2019-04-08T08:40:58" hostname="naomi-Latitude-E7240" time="0.002">
  <properties/>
  <testcase name="testEncry" classname="EncryptionTest" time="0.0"/>
  <testcase name="testEn" classname="EncryptionTest" time="0.0"/>
  <testcase name="testEncode" classname="EncryptionTest" time="0.0"/>
  <testcase name="testEncryption" classname="EncryptionTest" time="0.0"/>
  <system-out><![CDATA[]]></system-out>
  <system-err><![CDATA[]]></system-err>
</testsuite>
